This file contains any messages produced by compilers while
running configure, to aid debugging if configure makes a mistake.

It was created by icon configure 2024.10, which was
generated by GNU Autoconf 2.71.  Invocation command line was

  $ /home/primrose/Work/IconGrounds/icon-dace/icon-scratchpad/icon-model/configure 'BUILD_ENV= export LD_LIBRARY_PATH="/usr/lib64:${LD_LIBRARY_PATH-}"; export LD_LIBRARY_PATH="/usr/lib:${LD_LIBRARY_PATH-}"; export PATH="/usr/bin:${PATH-}";' CC=mpicc 'CFLAGS=-g -march=native' 'CPPFLAGS=-I/usr/include -I/usr/include/libxml2' CXX=g++ 'CXXFLAGS=-g -march=native' FC=mpif90 'FCFLAGS=-I/usr/include -fmodule-private -fimplicit-none -fmax-identifier-length=63 -Wall -Wcharacter-truncation -Wconversion -Wunderflow -Wunused-parameter -Wno-surprising -fall-intrinsics -g -march=native -fbacktrace -fbounds-check -fstack-protector-all -finit-real=nan -finit-integer=-2147483648 -finit-character=127 -O2' ICON_BUNDLED_CFLAGS=-O2 ICON_BUNDLED_CXXFLAGS=-O2 ICON_CFLAGS=-O3 ICON_FCFLAGS=-std=legacy 'LDFLAGS=-L/usr/lib64 -L/usr/lib' 'LIBS=-lxml2 -lfyaml -leccodes -llapack -lblas -lnetcdff -lnetcdf -lstdc++' MPI_LAUNCH=mpiexec --enable-openmp --enable-grib2 --enable-mixed-precision --enable-rte-rrtmgp CC=mpicc FC=mpif90 'FCFLAGS=-g -O2 -I/usr/include/ -Wall -frecursive -Wno-unused-variable -Wno-unused-dummy-argument -Wno-unused-function -Wno-missing-include-dirs -DDACE_SUBST_VERIFY -DDACE_SUBST_ENABLE' 'LDFLAGS=-L/usr/lib/x86_64-linux-gnu/ -L/home/primrose/Work/IconGrounds/icon-dace/.dacecache/radiation/build' 'LIBS=-leccodes -lnetcdff -lnetcdf -lopenblas -lradiation' --enable-acm-license --disable-mixed-precision --disable-edmf --disable-les --disable-ocean --disable-jsbach --disable-coupling --disable-aes --disable-rte-rrtmgp --enable-ecrad --disable-mpi --disable-mpi-checks --disable-openmp --disable-loop-exchange --enable-dace-subst=no --enable-explicit-fpp

## --------- ##
## Platform. ##
## --------- ##

hostname = primrose-pc
uname -m = x86_64
uname -r = 6.8.0-52-generic
uname -s = Linux
uname -v = #53-Ubuntu SMP PREEMPT_DYNAMIC Sat Jan 11 00:06:25 UTC 2025

/usr/bin/uname -p = x86_64
/bin/uname -X     = unknown

/bin/arch              = x86_64
/usr/bin/arch -k       = unknown
/usr/convex/getsysinfo = unknown
/usr/bin/hostinfo      = unknown
/bin/machine           = unknown
/usr/bin/oslevel       = unknown
/bin/universe          = unknown

PATH: /home/primrose/.vscode/extensions/ms-python.python-2024.22.2-linux-x64/python_files/deactivate/bash/
PATH: /home/primrose/.def/bin/
PATH: /home/primrose/.nix-profile/bin/
PATH: /usr/local/cuda/bin/
PATH: /home/primrose/.vscode/extensions/ms-python.python-2024.22.2-linux-x64/python_files/deactivate/bash/
PATH: /home/primrose/.def/bin/
PATH: /home/primrose/.nix-profile/bin/
PATH: /home/primrose/.local/bin/
PATH: /home/primrose/.nix-profile/bin/
PATH: /home/primrose/miniconda3/condabin/
PATH: /usr/local/cuda/bin/
PATH: /home/primrose/.nix-profile/bin/
PATH: /home/primrose/.local/bin/
PATH: /usr/local/sbin/
PATH: /usr/local/bin/
PATH: /usr/sbin/
PATH: /usr/bin/
PATH: /sbin/
PATH: /bin/
PATH: /usr/games/
PATH: /usr/local/games/
PATH: /snap/bin/
PATH: /snap/bin/


## ----------- ##
## Core tests. ##
## ----------- ##

configure:3288: looking for aux files: install-sh config.guess config.sub
configure:3301:  trying /home/primrose/Work/IconGrounds/icon-dace/icon-scratchpad/icon-model/utils/
configure:3312:   /home/primrose/Work/IconGrounds/icon-dace/icon-scratchpad/icon-model/utils/install-sh found
configure:3330:   /home/primrose/Work/IconGrounds/icon-dace/icon-scratchpad/icon-model/utils/config.guess found
configure:3330:   /home/primrose/Work/IconGrounds/icon-dace/icon-scratchpad/icon-model/utils/config.sub found
configure:4645: checking whether $BUILD_ENV is accepted by '/bin/bash -c'
configure:4654: /bin/bash -c ' export LD_LIBRARY_PATH="/usr/lib64:${LD_LIBRARY_PATH-}"; export LD_LIBRARY_PATH="/usr/lib:${LD_LIBRARY_PATH-}"; export PATH="/usr/bin:${PATH-}";'
configure:4658: result: yes
configure:4680: checking whether $BUILD_ENV is accepted by the current shell
configure:4682:  export LD_LIBRARY_PATH="/usr/lib64:${LD_LIBRARY_PATH-}"; export LD_LIBRARY_PATH="/usr/lib:${LD_LIBRARY_PATH-}"; export PATH="/usr/bin:${PATH-}";
configure:4686: result: yes
configure:4728: checking build system type
configure:4743: result: x86_64-pc-linux-gnu
configure:4763: checking host system type
configure:4777: result: x86_64-pc-linux-gnu
configure:4797: checking for the fully qualified domain name of the host
configure:4814: result: primrose-pc
configure:4955: checking for Fortran compiler version
configure:4964: mpif90 --version >&5
GNU Fortran (Ubuntu 14.2.0-4ubuntu2~24.04) 14.2.0
Copyright (C) 2024 Free Software Foundation, Inc.
This is free software; see the source for copying conditions.  There is NO
warranty; not even for MERCHANTABILITY or FITNESS FOR A PARTICULAR PURPOSE.

configure:4975: $? = 0
configure:4964: mpif90 -v >&5
Using built-in specs.
COLLECT_GCC=/usr/bin/gfortran
COLLECT_LTO_WRAPPER=/usr/libexec/gcc/x86_64-linux-gnu/14/lto-wrapper
OFFLOAD_TARGET_NAMES=nvptx-none:amdgcn-amdhsa
OFFLOAD_TARGET_DEFAULT=1
Target: x86_64-linux-gnu
Configured with: ../src/configure -v --with-pkgversion='Ubuntu 14.2.0-4ubuntu2~24.04' --with-bugurl=file:///usr/share/doc/gcc-14/README.Bugs --enable-languages=c,ada,c++,go,d,fortran,objc,obj-c++,m2,rust --prefix=/usr --with-gcc-major-version-only --program-suffix=-14 --program-prefix=x86_64-linux-gnu- --enable-shared --enable-linker-build-id --libexecdir=/usr/libexec --without-included-gettext --enable-threads=posix --libdir=/usr/lib --enable-nls --enable-bootstrap --enable-clocale=gnu --enable-libstdcxx-debug --enable-libstdcxx-time=yes --with-default-libstdcxx-abi=new --enable-libstdcxx-backtrace --enable-gnu-unique-object --disable-vtable-verify --enable-plugin --enable-default-pie --with-system-zlib --enable-libphobos-checking=release --with-target-system-zlib=auto --enable-objc-gc=auto --enable-multiarch --disable-werror --enable-cet --with-arch-32=i686 --with-abi=m64 --with-multilib-list=m32,m64,mx32 --enable-multilib --with-tune=generic --enable-offload-targets=nvptx-none=/build/gcc-14-ig5ci0/gcc-14-14.2.0/debian/tmp-nvptx/usr,amdgcn-amdhsa=/build/gcc-14-ig5ci0/gcc-14-14.2.0/debian/tmp-gcn/usr --enable-offload-defaulted --without-cuda-driver --enable-checking=release --build=x86_64-linux-gnu --host=x86_64-linux-gnu --target=x86_64-linux-gnu --with-build-config=bootstrap-lto-lean --enable-link-serialization=2
Thread model: posix
Supported LTO compression algorithms: zlib zstd
gcc version 14.2.0 (Ubuntu 14.2.0-4ubuntu2~24.04) 
... rest of stderr output deleted ...
configure:4975: $? = 0
configure:4964: mpif90 -V >&5
gfortran: error: unrecognized command-line option '-V'
gfortran: fatal error: no input files
compilation terminated.
configure:4975: $? = 1
configure:4964: mpif90 -qversion >&5
gfortran: error: unrecognized command-line option '-qversion'; did you mean '--version'?
gfortran: fatal error: no input files
compilation terminated.
configure:4975: $? = 1
configure:4990: checking whether the Fortran compiler works
configure:5012: mpif90 -g -O2 -I/usr/include/ -Wall -frecursive -Wno-unused-variable -Wno-unused-dummy-argument -Wno-unused-function -Wno-missing-include-dirs -DDACE_SUBST_VERIFY -DDACE_SUBST_ENABLE -std=legacy -L/usr/lib/x86_64-linux-gnu/ -L/home/primrose/Work/IconGrounds/icon-dace/.dacecache/radiation/build  conftest.f -leccodes -lnetcdff -lnetcdf -lopenblas -lradiation >&5
configure:5016: $? = 0
configure:5067: result: yes
configure:5070: checking for Fortran compiler default output file name
configure:5072: result: a.out
configure:5078: checking for suffix of executables
configure:5085: mpif90 -o conftest -g -O2 -I/usr/include/ -Wall -frecursive -Wno-unused-variable -Wno-unused-dummy-argument -Wno-unused-function -Wno-missing-include-dirs -DDACE_SUBST_VERIFY -DDACE_SUBST_ENABLE -std=legacy -L/usr/lib/x86_64-linux-gnu/ -L/home/primrose/Work/IconGrounds/icon-dace/.dacecache/radiation/build  conftest.f -leccodes -lnetcdff -lnetcdf -lopenblas -lradiation >&5
configure:5089: $? = 0
configure:5113: result: 
configure:5130: checking for suffix of object files
configure:5147: mpif90 -c -g -O2 -I/usr/include/ -Wall -frecursive -Wno-unused-variable -Wno-unused-dummy-argument -Wno-unused-function -Wno-missing-include-dirs -DDACE_SUBST_VERIFY -DDACE_SUBST_ENABLE -std=legacy  conftest.f >&5
configure:5151: $? = 0
configure:5174: result: o
configure:5182: checking whether the compiler supports GNU Fortran
configure:5196: mpif90 -c -g -O2 -I/usr/include/ -Wall -frecursive -Wno-unused-variable -Wno-unused-dummy-argument -Wno-unused-function -Wno-missing-include-dirs -DDACE_SUBST_VERIFY -DDACE_SUBST_ENABLE -std=legacy  conftest.F >&5
configure:5196: $? = 0
configure:5206: result: yes
configure:5214: checking whether mpif90 accepts -g
configure:5226: mpif90 -c -g -std=legacy  conftest.f >&5
configure:5226: $? = 0
configure:5235: result: yes
configure:5282: checking for Fortran compiler flag needed to compile preprocessed .f90 files
configure:5308: mpif90 -c -g -O2 -I/usr/include/ -Wall -frecursive -Wno-unused-variable -Wno-unused-dummy-argument -Wno-unused-function -Wno-missing-include-dirs -DDACE_SUBST_VERIFY -DDACE_SUBST_ENABLE -std=legacy  conftest.f90 >&5
conftest.f90:3:2:

    3 | #if 0
      |  1
Warning: Illegal preprocessor directive
conftest.f90:4:2:

    4 | #include <ac_nonexistent.h>
      |  1
Warning: Illegal preprocessor directive
conftest.f90:6:2:

    6 | #endif
      |  1
Warning: Illegal preprocessor directive
conftest.f90:5:7:

    5 |       choke me
      |       1
Error: Unclassifiable statement at (1)
configure:5308: $? = 1
configure: failed program was:
|       program main
| 
| #if 0
| #include <ac_nonexistent.h>
|       choke me
| #endif
|       end
configure:5308: mpif90 -c -g -O2 -I/usr/include/ -Wall -frecursive -Wno-unused-variable -Wno-unused-dummy-argument -Wno-unused-function -Wno-missing-include-dirs -DDACE_SUBST_VERIFY -DDACE_SUBST_ENABLE -std=legacy -ftpp conftest.f90 >&5
gfortran: error: unrecognized command-line option '-ftpp'; did you mean '-fcpp'?
configure:5308: $? = 1
configure: failed program was:
|       program main
| 
| #if 0
| #include <ac_nonexistent.h>
|       choke me
| #endif
|       end
configure:5308: mpif90 -c -g -O2 -I/usr/include/ -Wall -frecursive -Wno-unused-variable -Wno-unused-dummy-argument -Wno-unused-function -Wno-missing-include-dirs -DDACE_SUBST_VERIFY -DDACE_SUBST_ENABLE -std=legacy -fpp conftest.f90 >&5
gfortran: error: unrecognized command-line option '-fpp'; did you mean '-cpp'?
configure:5308: $? = 1
configure: failed program was:
|       program main
| 
| #if 0
| #include <ac_nonexistent.h>
|       choke me
| #endif
|       end
configure:5308: mpif90 -c -g -O2 -I/usr/include/ -Wall -frecursive -Wno-unused-variable -Wno-unused-dummy-argument -Wno-unused-function -Wno-missing-include-dirs -DDACE_SUBST_VERIFY -DDACE_SUBST_ENABLE -std=legacy -Tf conftest.f90 >&5
conftest.f90:3:2:

    3 | #if 0
      |  1
Warning: Illegal preprocessor directive
conftest.f90:4:2:

    4 | #include <ac_nonexistent.h>
      |  1
Warning: Illegal preprocessor directive
conftest.f90:6:2:

    6 | #endif
      |  1
Warning: Illegal preprocessor directive
conftest.f90:5:7:

    5 |       choke me
      |       1
Error: Unclassifiable statement at (1)
configure:5308: $? = 1
configure: failed program was:
|       program main
| 
| #if 0
| #include <ac_nonexistent.h>
|       choke me
| #endif
|       end
configure:5308: mpif90 -c -g -O2 -I/usr/include/ -Wall -frecursive -Wno-unused-variable -Wno-unused-dummy-argument -Wno-unused-function -Wno-missing-include-dirs -DDACE_SUBST_VERIFY -DDACE_SUBST_ENABLE -std=legacy -fpp -Tf conftest.f90 >&5
gfortran: error: unrecognized command-line option '-fpp'; did you mean '-cpp'?
configure:5308: $? = 1
configure: failed program was:
|       program main
| 
| #if 0
| #include <ac_nonexistent.h>
|       choke me
| #endif
|       end
configure:5308: mpif90 -c -g -O2 -I/usr/include/ -Wall -frecursive -Wno-unused-variable -Wno-unused-dummy-argument -Wno-unused-function -Wno-missing-include-dirs -DDACE_SUBST_VERIFY -DDACE_SUBST_ENABLE -std=legacy -xpp=fpp conftest.f90 >&5
gfortran: error: language pp=fpp not recognized
gfortran: error: language pp=fpp not recognized
configure:5308: $? = 1
configure: failed program was:
|       program main
| 
| #if 0
| #include <ac_nonexistent.h>
|       choke me
| #endif
|       end
configure:5308: mpif90 -c -g -O2 -I/usr/include/ -Wall -frecursive -Wno-unused-variable -Wno-unused-dummy-argument -Wno-unused-function -Wno-missing-include-dirs -DDACE_SUBST_VERIFY -DDACE_SUBST_ENABLE -std=legacy -Mpreprocess conftest.f90 >&5
gfortran: error: unrecognized command-line option '-Mpreprocess'; did you mean '--preprocess'?
configure:5308: $? = 1
configure: failed program was:
|       program main
| 
| #if 0
| #include <ac_nonexistent.h>
|       choke me
| #endif
|       end
configure:5308: mpif90 -c -g -O2 -I/usr/include/ -Wall -frecursive -Wno-unused-variable -Wno-unused-dummy-argument -Wno-unused-function -Wno-missing-include-dirs -DDACE_SUBST_VERIFY -DDACE_SUBST_ENABLE -std=legacy -e T conftest.f90 >&5
conftest.f90:3:2:

    3 | #if 0
      |  1
Warning: Illegal preprocessor directive
conftest.f90:4:2:

    4 | #include <ac_nonexistent.h>
      |  1
Warning: Illegal preprocessor directive
conftest.f90:6:2:

    6 | #endif
      |  1
Warning: Illegal preprocessor directive
conftest.f90:5:7:

    5 |       choke me
      |       1
Error: Unclassifiable statement at (1)
configure:5308: $? = 1
configure: failed program was:
|       program main
| 
| #if 0
| #include <ac_nonexistent.h>
|       choke me
| #endif
|       end
configure:5308: mpif90 -c -g -O2 -I/usr/include/ -Wall -frecursive -Wno-unused-variable -Wno-unused-dummy-argument -Wno-unused-function -Wno-missing-include-dirs -DDACE_SUBST_VERIFY -DDACE_SUBST_ENABLE -std=legacy -e Z conftest.f90 >&5
conftest.f90:3:2:

    3 | #if 0
      |  1
Warning: Illegal preprocessor directive
conftest.f90:4:2:

    4 | #include <ac_nonexistent.h>
      |  1
Warning: Illegal preprocessor directive
conftest.f90:6:2:

    6 | #endif
      |  1
Warning: Illegal preprocessor directive
conftest.f90:5:7:

    5 |       choke me
      |       1
Error: Unclassifiable statement at (1)
configure:5308: $? = 1
configure: failed program was:
|       program main
| 
| #if 0
| #include <ac_nonexistent.h>
|       choke me
| #endif
|       end
configure:5308: mpif90 -c -g -O2 -I/usr/include/ -Wall -frecursive -Wno-unused-variable -Wno-unused-dummy-argument -Wno-unused-function -Wno-missing-include-dirs -DDACE_SUBST_VERIFY -DDACE_SUBST_ENABLE -std=legacy -cpp conftest.f90 >&5
configure:5308: $? = 0
configure:5319: mpif90 -c -g -O2 -I/usr/include/ -Wall -frecursive -Wno-unused-variable -Wno-unused-dummy-argument -Wno-unused-function -Wno-missing-include-dirs -DDACE_SUBST_VERIFY -DDACE_SUBST_ENABLE -std=legacy -cpp conftest.f90 >&5
conftest.f90:5:2:

    5 |       choke me
      |  1    ~~~~~~~~     
Fatal Error: ac_nonexistent.h: No such file or directory
compilation terminated.
configure:5319: $? = 1
configure: failed program was:
|       program main
| 
| #if 1
| #include <ac_nonexistent.h>
|       choke me
| #endif
|       end
configure:5333: result: -cpp
configure:5363: checking for Fortran compiler vendor
configure:5401: result: gnu
configure:5443: checking for Fortran compiler version
configure:5509: result: 14.2.0
configure:5517: checking for Fortran compiler flag needed to add a directory to the runtime library search path
configure:5530: result: -Wl,-rpath -Wl,
configure:5556: checking whether Fortran compiler accepts the automatically generated RPATH flags
configure:5564: mpif90 -o conftest -g -O2 -I/usr/include/ -Wall -frecursive -Wno-unused-variable -Wno-unused-dummy-argument -Wno-unused-function -Wno-missing-include-dirs -DDACE_SUBST_VERIFY -DDACE_SUBST_ENABLE -std=legacy -L/usr/lib/x86_64-linux-gnu/ -L/home/primrose/Work/IconGrounds/icon-dace/.dacecache/radiation/build -Wl,-rpath -Wl,/usr/lib/x86_64-linux-gnu/ -Wl,-rpath -Wl,/home/primrose/Work/IconGrounds/icon-dace/.dacecache/radiation/build -cpp conftest.f90 -leccodes -lnetcdff -lnetcdf -lopenblas -lradiation >&5
configure:5564: $? = 0
configure:5571: result: yes
configure:5596: checking whether we are cross compiling
configure:5604: mpif90 -o conftest -g -O2 -I/usr/include/ -Wall -frecursive -Wno-unused-variable -Wno-unused-dummy-argument -Wno-unused-function -Wno-missing-include-dirs -DDACE_SUBST_VERIFY -DDACE_SUBST_ENABLE -std=legacy -L/usr/lib/x86_64-linux-gnu/ -L/home/primrose/Work/IconGrounds/icon-dace/.dacecache/radiation/build -Wl,-rpath -Wl,/usr/lib/x86_64-linux-gnu/ -Wl,-rpath -Wl,/home/primrose/Work/IconGrounds/icon-dace/.dacecache/radiation/build -cpp conftest.f90 -leccodes -lnetcdff -lnetcdf -lopenblas -lradiation >&5
configure:5608: $? = 0
configure:5615: ./conftest
configure:5619: $? = 0
configure:5635: result: no
configure:5659: checking for Fortran flag needed to accept unlimited column source lines
configure:5683: mpif90 -c -g -O2 -I/usr/include/ -Wall -frecursive -Wno-unused-variable -Wno-unused-dummy-argument -Wno-unused-function -Wno-missing-include-dirs -DDACE_SUBST_VERIFY -DDACE_SUBST_ENABLE -std=legacy -cpp conftest.f90 >&5
configure:5683: $? = 0
configure:5693: result: none
configure:5726: checking for Fortran compiler flag needed to specify search paths for module files
configure:5746: mpif90 -c -g -O2 -I/usr/include/ -Wall -frecursive -Wno-unused-variable -Wno-unused-dummy-argument -Wno-unused-function -Wno-missing-include-dirs -DDACE_SUBST_VERIFY -DDACE_SUBST_ENABLE -std=legacy -cpp conftest.f90 >&5
configure:5746: $? = 0
configure:5760: mpif90 -c -g -O2 -I/usr/include/ -Wall -frecursive -Wno-unused-variable -Wno-unused-dummy-argument -Wno-unused-function -Wno-missing-include-dirs -DDACE_SUBST_VERIFY -DDACE_SUBST_ENABLE -Mconftest.dir -Mconftest.dir -std=legacy -cpp conftest.f90 >&5
gfortran: error: unrecognized command-line option '-Mconftest.dir'
gfortran: error: unrecognized command-line option '-Mconftest.dir'
configure:5760: $? = 1
configure: failed program was:
| 
|       program main
|       use conftest_module, only : conftest_routine
|       implicit none
|       call conftest_routine
|       end program
configure:5760: mpif90 -c -g -O2 -I/usr/include/ -Wall -frecursive -Wno-unused-variable -Wno-unused-dummy-argument -Wno-unused-function -Wno-missing-include-dirs -DDACE_SUBST_VERIFY -DDACE_SUBST_ENABLE -Iconftest.dir -Iconftest.dir -std=legacy -cpp conftest.f90 >&5
configure:5760: $? = 0
configure:5776: result: -I
configure:5795: checking for Fortran compiler flag needed to specify output path for module files
configure:5819: mpif90 -c -g -O2 -I/usr/include/ -Wall -frecursive -Wno-unused-variable -Wno-unused-dummy-argument -Wno-unused-function -Wno-missing-include-dirs -DDACE_SUBST_VERIFY -DDACE_SUBST_ENABLE -Jsub -std=legacy -cpp conftest.f90 >&5
configure:5819: $? = 0
configure:5830: mpif90 -c -g -O2 -I/usr/include/ -Wall -frecursive -Wno-unused-variable -Wno-unused-dummy-argument -Wno-unused-function -Wno-missing-include-dirs -DDACE_SUBST_VERIFY -DDACE_SUBST_ENABLE -Jsub -std=legacy -cpp conftest.f90 >&5
configure:5830: $? = 0
configure:5848: result: -J
configure:5868: checking for Fortran compiler module file naming template
configure:5887: mpif90 -c -g -O2 -I/usr/include/ -Wall -frecursive -Wno-unused-variable -Wno-unused-dummy-argument -Wno-unused-function -Wno-missing-include-dirs -DDACE_SUBST_VERIFY -DDACE_SUBST_ENABLE -std=legacy -cpp conftest.f90 >&5
configure:5887: $? = 0
configure:5936: result: {name}.mod
configure:5945: checking for Fortran compiler submodule file naming template
configure:5971: mpif90 -c -g -O2 -I/usr/include/ -Wall -frecursive -Wno-unused-variable -Wno-unused-dummy-argument -Wno-unused-function -Wno-missing-include-dirs -DDACE_SUBST_VERIFY -DDACE_SUBST_ENABLE -std=legacy -cpp conftest.f90 >&5
configure:5971: $? = 0
configure:6047: result: {name}@{sname}.smod
configure:6055: checking whether Fortran compiler generates submodule files for root ancestors
configure:6078: mpif90 -c -g -O2 -I/usr/include/ -Wall -frecursive -Wno-unused-variable -Wno-unused-dummy-argument -Wno-unused-function -Wno-missing-include-dirs -DDACE_SUBST_VERIFY -DDACE_SUBST_ENABLE -std=legacy -cpp conftest.f90 >&5
configure:6078: $? = 0
configure:6098: result: yes
configure:6174: checking for Fortran compiler flag needed to specify search paths for the "INCLUDE" statement
configure:6195: mpif90 -o conftest -g -O2 -I/usr/include/ -Wall -frecursive -Wno-unused-variable -Wno-unused-dummy-argument -Wno-unused-function -Wno-missing-include-dirs -DDACE_SUBST_VERIFY -DDACE_SUBST_ENABLE -Iconftest.dir -std=legacy -L/usr/lib/x86_64-linux-gnu/ -L/home/primrose/Work/IconGrounds/icon-dace/.dacecache/radiation/build -Wl,-rpath -Wl,/usr/lib/x86_64-linux-gnu/ -Wl,-rpath -Wl,/home/primrose/Work/IconGrounds/icon-dace/.dacecache/radiation/build -cpp conftest.f90 -leccodes -lnetcdff -lnetcdf -lopenblas -lradiation >&5
configure:6195: $? = 0
configure:6207: result: -I
configure:6221: checking for Fortran compiler search path order for the "INCLUDE" statement
configure:6259: mpif90 -o conftest -g -O2 -I/usr/include/ -Wall -frecursive -Wno-unused-variable -Wno-unused-dummy-argument -Wno-unused-function -Wno-missing-include-dirs -DDACE_SUBST_VERIFY -DDACE_SUBST_ENABLE -I../src/inc -I../src/inc2 -std=legacy -L/usr/lib/x86_64-linux-gnu/ -L/home/primrose/Work/IconGrounds/icon-dace/.dacecache/radiation/build -Wl,-rpath -Wl,/usr/lib/x86_64-linux-gnu/ -Wl,-rpath -Wl,/home/primrose/Work/IconGrounds/icon-dace/.dacecache/radiation/build -cpp ../src/conftest.f90 -leccodes -lnetcdff -lnetcdf -lopenblas -lradiation >&5
configure:6259: $? = 0
configure:6259: mpif90 -o conftest -g -O2 -I/usr/include/ -Wall -frecursive -Wno-unused-variable -Wno-unused-dummy-argument -Wno-unused-function -Wno-missing-include-dirs -DDACE_SUBST_VERIFY -DDACE_SUBST_ENABLE -I../src/inc -I../src/inc2 -std=legacy -L/usr/lib/x86_64-linux-gnu/ -L/home/primrose/Work/IconGrounds/icon-dace/.dacecache/radiation/build -Wl,-rpath -Wl,/usr/lib/x86_64-linux-gnu/ -Wl,-rpath -Wl,/home/primrose/Work/IconGrounds/icon-dace/.dacecache/radiation/build -cpp ../src/conftest.f90 -leccodes -lnetcdff -lnetcdf -lopenblas -lradiation >&5
configure:6259: $? = 0
configure:6259: mpif90 -o conftest -g -O2 -I/usr/include/ -Wall -frecursive -Wno-unused-variable -Wno-unused-dummy-argument -Wno-unused-function -Wno-missing-include-dirs -DDACE_SUBST_VERIFY -DDACE_SUBST_ENABLE -I../src/inc -I../src/inc2 -std=legacy -L/usr/lib/x86_64-linux-gnu/ -L/home/primrose/Work/IconGrounds/icon-dace/.dacecache/radiation/build -Wl,-rpath -Wl,/usr/lib/x86_64-linux-gnu/ -Wl,-rpath -Wl,/home/primrose/Work/IconGrounds/icon-dace/.dacecache/radiation/build -cpp ../src/conftest.f90 -leccodes -lnetcdff -lnetcdf -lopenblas -lradiation >&5
conftest.inc:1:0:

Fatal Error: Cannot open included file 'conftest.write'
compilation terminated.
configure:6259: $? = 1
configure: failed program was:
|       program main
|       include "conftest.inc"
| 
|       end
configure:6302: result: src,flg
configure:6313: checking for Fortran compiler flag needed to specify search paths for the quoted form of the "#include" directive
configure:6334: mpif90 -o conftest -g -O2 -I/usr/include/ -Wall -frecursive -Wno-unused-variable -Wno-unused-dummy-argument -Wno-unused-function -Wno-missing-include-dirs -DDACE_SUBST_VERIFY -DDACE_SUBST_ENABLE -Iconftest.dir -std=legacy -L/usr/lib/x86_64-linux-gnu/ -L/home/primrose/Work/IconGrounds/icon-dace/.dacecache/radiation/build -Wl,-rpath -Wl,/usr/lib/x86_64-linux-gnu/ -Wl,-rpath -Wl,/home/primrose/Work/IconGrounds/icon-dace/.dacecache/radiation/build -cpp conftest.f90 -leccodes -lnetcdff -lnetcdf -lopenblas -lradiation >&5
configure:6334: $? = 0
configure:6346: result: -I
configure:6360: checking for Fortran compiler search path order for the quoted form of the "#include" directive
configure:6398: mpif90 -o conftest -g -O2 -I/usr/include/ -Wall -frecursive -Wno-unused-variable -Wno-unused-dummy-argument -Wno-unused-function -Wno-missing-include-dirs -DDACE_SUBST_VERIFY -DDACE_SUBST_ENABLE -I../src/inc -I../src/inc2 -std=legacy -L/usr/lib/x86_64-linux-gnu/ -L/home/primrose/Work/IconGrounds/icon-dace/.dacecache/radiation/build -Wl,-rpath -Wl,/usr/lib/x86_64-linux-gnu/ -Wl,-rpath -Wl,/home/primrose/Work/IconGrounds/icon-dace/.dacecache/radiation/build -cpp ../src/conftest.f90 -leccodes -lnetcdff -lnetcdf -lopenblas -lradiation >&5
configure:6398: $? = 0
configure:6398: mpif90 -o conftest -g -O2 -I/usr/include/ -Wall -frecursive -Wno-unused-variable -Wno-unused-dummy-argument -Wno-unused-function -Wno-missing-include-dirs -DDACE_SUBST_VERIFY -DDACE_SUBST_ENABLE -I../src/inc -I../src/inc2 -std=legacy -L/usr/lib/x86_64-linux-gnu/ -L/home/primrose/Work/IconGrounds/icon-dace/.dacecache/radiation/build -Wl,-rpath -Wl,/usr/lib/x86_64-linux-gnu/ -Wl,-rpath -Wl,/home/primrose/Work/IconGrounds/icon-dace/.dacecache/radiation/build -cpp ../src/conftest.f90 -leccodes -lnetcdff -lnetcdf -lopenblas -lradiation >&5
configure:6398: $? = 0
configure:6398: mpif90 -o conftest -g -O2 -I/usr/include/ -Wall -frecursive -Wno-unused-variable -Wno-unused-dummy-argument -Wno-unused-function -Wno-missing-include-dirs -DDACE_SUBST_VERIFY -DDACE_SUBST_ENABLE -I../src/inc -I../src/inc2 -std=legacy -L/usr/lib/x86_64-linux-gnu/ -L/home/primrose/Work/IconGrounds/icon-dace/.dacecache/radiation/build -Wl,-rpath -Wl,/usr/lib/x86_64-linux-gnu/ -Wl,-rpath -Wl,/home/primrose/Work/IconGrounds/icon-dace/.dacecache/radiation/build -cpp ../src/conftest.f90 -leccodes -lnetcdff -lnetcdf -lopenblas -lradiation >&5
../src/inc2/conftest.inc:2:2:

    2 | 
      |  1               
Fatal Error: conftest.write: No such file or directory
compilation terminated.
configure:6398: $? = 1
configure: failed program was:
|       program main
| #include "conftest.inc"
| 
|       end
configure:6441: result: inc,flg
configure:6452: checking for Fortran compiler flag needed to define a preprocessor macro
configure:6472: mpif90 -c -g -O2 -I/usr/include/ -Wall -frecursive -Wno-unused-variable -Wno-unused-dummy-argument -Wno-unused-function -Wno-missing-include-dirs -DDACE_SUBST_VERIFY -DDACE_SUBST_ENABLE -DCONFTEST_ONE -DCONFTEST_TWO=42 -std=legacy -cpp conftest.f90 >&5
configure:6472: $? = 0
configure:6482: result: -D
configure:6497: checking whether mpif90 supports CONTIGUOUS attribute
configure:6532: mpif90 -c -g -O2 -I/usr/include/ -Wall -frecursive -Wno-unused-variable -Wno-unused-dummy-argument -Wno-unused-function -Wno-missing-include-dirs -DDACE_SUBST_VERIFY -DDACE_SUBST_ENABLE -std=legacy -cpp conftest.f90 >&5
configure:6532: $? = 0
configure:6545: result: yes
configure:6896: checking for gcc
configure:6928: result: mpicc
configure:7282: checking for C compiler version
configure:7291: mpicc --version >&5
gcc (Ubuntu 13.3.0-6ubuntu2~24.04) 13.3.0
Copyright (C) 2023 Free Software Foundation, Inc.
This is free software; see the source for copying conditions.  There is NO
warranty; not even for MERCHANTABILITY or FITNESS FOR A PARTICULAR PURPOSE.

configure:7302: $? = 0
configure:7291: mpicc -v >&5
Using built-in specs.
COLLECT_GCC=/usr/bin/gcc
COLLECT_LTO_WRAPPER=/usr/libexec/gcc/x86_64-linux-gnu/13/lto-wrapper
OFFLOAD_TARGET_NAMES=nvptx-none:amdgcn-amdhsa
OFFLOAD_TARGET_DEFAULT=1
Target: x86_64-linux-gnu
Configured with: ../src/configure -v --with-pkgversion='Ubuntu 13.3.0-6ubuntu2~24.04' --with-bugurl=file:///usr/share/doc/gcc-13/README.Bugs --enable-languages=c,ada,c++,go,d,fortran,objc,obj-c++,m2 --prefix=/usr --with-gcc-major-version-only --program-suffix=-13 --program-prefix=x86_64-linux-gnu- --enable-shared --enable-linker-build-id --libexecdir=/usr/libexec --without-included-gettext --enable-threads=posix --libdir=/usr/lib --enable-nls --enable-bootstrap --enable-clocale=gnu --enable-libstdcxx-debug --enable-libstdcxx-time=yes --with-default-libstdcxx-abi=new --enable-libstdcxx-backtrace --enable-gnu-unique-object --disable-vtable-verify --enable-plugin --enable-default-pie --with-system-zlib --enable-libphobos-checking=release --with-target-system-zlib=auto --enable-objc-gc=auto --enable-multiarch --disable-werror --enable-cet --with-arch-32=i686 --with-abi=m64 --with-multilib-list=m32,m64,mx32 --enable-multilib --with-tune=generic --enable-offload-targets=nvptx-none=/build/gcc-13-fG75Ri/gcc-13-13.3.0/debian/tmp-nvptx/usr,amdgcn-amdhsa=/build/gcc-13-fG75Ri/gcc-13-13.3.0/debian/tmp-gcn/usr --enable-offload-defaulted --without-cuda-driver --enable-checking=release --build=x86_64-linux-gnu --host=x86_64-linux-gnu --target=x86_64-linux-gnu --with-build-config=bootstrap-lto-lean --enable-link-serialization=2
Thread model: posix
Supported LTO compression algorithms: zlib zstd
gcc version 13.3.0 (Ubuntu 13.3.0-6ubuntu2~24.04) 
... rest of stderr output deleted ...
configure:7302: $? = 0
configure:7291: mpicc -V >&5
gcc: error: unrecognized command-line option '-V'
gcc: fatal error: no input files
compilation terminated.
configure:7302: $? = 1
configure:7291: mpicc -qversion >&5
gcc: error: unrecognized command-line option '-qversion'; did you mean '--version'?
gcc: fatal error: no input files
compilation terminated.
configure:7302: $? = 1
configure:7291: mpicc -version >&5
gcc: error: unrecognized command-line option '-version'
gcc: fatal error: no input files
compilation terminated.
configure:7302: $? = 1
configure:7306: checking whether the compiler supports GNU C
configure:7326: mpicc -c -g -march=native -O3 -I/usr/include -I/usr/include/libxml2 conftest.c >&5
configure:7326: $? = 0
configure:7336: result: yes
configure:7347: checking whether mpicc accepts -g
configure:7368: mpicc -c -g -I/usr/include -I/usr/include/libxml2 conftest.c >&5
configure:7368: $? = 0
configure:7412: result: yes
configure:7432: checking for mpicc option to enable C11 features
configure:7447: mpicc  -c -g -march=native -O3 -I/usr/include -I/usr/include/libxml2 conftest.c >&5
configure:7447: $? = 0
configure:7465: result: none needed
configure:7589: checking for C compiler vendor
configure:7633: result: gnu
configure:7636: checking for C compiler version
configure:7704: result: 13.3.0
configure:7712: checking for stdlib.h
configure:7712: mpicc -c -g -march=native -O3 -I/usr/include -I/usr/include/libxml2 conftest.c >&5
configure:7712: $? = 0
configure:7712: result: yes
configure:7712: checking for stdio.h
configure:7712: mpicc -c -g -march=native -O3 -I/usr/include -I/usr/include/libxml2 conftest.c >&5
configure:7712: $? = 0
configure:7712: result: yes
configure:7712: checking for math.h
configure:7712: mpicc -c -g -march=native -O3 -I/usr/include -I/usr/include/libxml2 conftest.c >&5
configure:7712: $? = 0
configure:7712: result: yes
configure:7712: checking for time.h
configure:7712: mpicc -c -g -march=native -O3 -I/usr/include -I/usr/include/libxml2 conftest.c >&5
configure:7712: $? = 0
configure:7712: result: yes
configure:7712: checking for ctype.h
configure:7712: mpicc -c -g -march=native -O3 -I/usr/include -I/usr/include/libxml2 conftest.c >&5
configure:7712: $? = 0
configure:7712: result: yes
configure:7712: checking for string.h
configure:7712: mpicc -c -g -march=native -O3 -I/usr/include -I/usr/include/libxml2 conftest.c >&5
configure:7712: $? = 0
configure:7712: result: yes
configure:7712: checking for assert.h
configure:7712: mpicc -c -g -march=native -O3 -I/usr/include -I/usr/include/libxml2 conftest.c >&5
configure:7712: $? = 0
configure:7712: result: yes
configure:7712: checking for stdbool.h
configure:7712: mpicc -c -g -march=native -O3 -I/usr/include -I/usr/include/libxml2 conftest.c >&5
configure:7712: $? = 0
configure:7712: result: yes
configure:7712: checking for dirent.h
configure:7712: mpicc -c -g -march=native -O3 -I/usr/include -I/usr/include/libxml2 conftest.c >&5
configure:7712: $? = 0
configure:7712: result: yes
configure:7712: checking for errno.h
configure:7712: mpicc -c -g -march=native -O3 -I/usr/include -I/usr/include/libxml2 conftest.c >&5
configure:7712: $? = 0
configure:7712: result: yes
configure:7712: checking for fcntl.h
configure:7712: mpicc -c -g -march=native -O3 -I/usr/include -I/usr/include/libxml2 conftest.c >&5
configure:7712: $? = 0
configure:7712: result: yes
configure:7712: checking for sys/stat.h
configure:7712: mpicc -c -g -march=native -O3 -I/usr/include -I/usr/include/libxml2 conftest.c >&5
configure:7712: $? = 0
configure:7712: result: yes
configure:7712: checking for sys/types.h
configure:7712: mpicc -c -g -march=native -O3 -I/usr/include -I/usr/include/libxml2 conftest.c >&5
configure:7712: $? = 0
configure:7712: result: yes
configure:7712: checking for unistd.h
configure:7712: mpicc -c -g -march=native -O3 -I/usr/include -I/usr/include/libxml2 conftest.c >&5
configure:7712: $? = 0
configure:7712: result: yes
configure:9084: checking for interfaces for MPI routines with choice arguments
configure:9099: mpif90 -c -g -O2 -I/usr/include/ -Wall -frecursive -Wno-unused-variable -Wno-unused-dummy-argument -Wno-unused-function -Wno-missing-include-dirs -DDACE_SUBST_VERIFY -DDACE_SUBST_ENABLE -DHAVE_FC_ATTRIBUTE_CONTIGUOUS -D__ICON__ -D__NO_ICON_LES__ -D__NO_ICON_OCEAN__ -D__NO_JSBACH__ -D__NO_JSBACH_HD__ -D__NO_QUINCY__ -D__NO_ICON_WAVES__ -D__NO_AES__ -D__ECRAD -D__NO_RTE_RRTMGP__ -D__NO_ICON_COMIN__ -DHAVE_ACM_LICENSE -DNOMPI -D__NO_ICON_TESTBED__ -std=legacy -cpp conftest.f90 >&5
configure:9099: $? = 0
configure:9107: result: yes
configure:9113: checking whether the MPI_Alloc_mem interface accepts a TYPE(C_PTR) argument
configure:9130: mpif90 -c -g -O2 -I/usr/include/ -Wall -frecursive -Wno-unused-variable -Wno-unused-dummy-argument -Wno-unused-function -Wno-missing-include-dirs -DDACE_SUBST_VERIFY -DDACE_SUBST_ENABLE -DHAVE_FC_ATTRIBUTE_CONTIGUOUS -D__ICON__ -D__NO_ICON_LES__ -D__NO_ICON_OCEAN__ -D__NO_JSBACH__ -D__NO_JSBACH_HD__ -D__NO_QUINCY__ -D__NO_ICON_WAVES__ -D__NO_AES__ -D__ECRAD -D__NO_RTE_RRTMGP__ -D__NO_ICON_COMIN__ -DHAVE_ACM_LICENSE -DNOMPI -D__NO_ICON_TESTBED__ -std=legacy -cpp conftest.f90 >&5
configure:9130: $? = 0
configure:9138: result: yes
configure:9153: checking for the absolute path to mpiexec
configure:9199: result: /usr/bin//mpiexec
configure:9369: checking whether the Fortran preprocessor macro _OPENMP is defined
configure:9383: mpif90 -c -g -O2 -I/usr/include/ -Wall -frecursive -Wno-unused-variable -Wno-unused-dummy-argument -Wno-unused-function -Wno-missing-include-dirs -DDACE_SUBST_VERIFY -DDACE_SUBST_ENABLE -DHAVE_FC_ATTRIBUTE_CONTIGUOUS -D__ICON__ -D__NO_ICON_LES__ -D__NO_ICON_OCEAN__ -D__NO_JSBACH__ -D__NO_JSBACH_HD__ -D__NO_QUINCY__ -D__NO_ICON_WAVES__ -D__NO_AES__ -D__ECRAD -D__NO_RTE_RRTMGP__ -D__NO_ICON_COMIN__ -DHAVE_ACM_LICENSE -DNOMPI -D__NO_ICON_TESTBED__ -std=legacy -cpp conftest.f90 >&5
conftest.f90:4:7:

    4 |       choke me
      |       1
Error: Unclassifiable statement at (1)
configure:9383: $? = 1
configure: failed program was:
|       program main
| #ifdef _OPENMP
| #else
|       choke me
| #endif
|       end
configure:9395: mpif90 -c -g -O2 -I/usr/include/ -Wall -frecursive -Wno-unused-variable -Wno-unused-dummy-argument -Wno-unused-function -Wno-missing-include-dirs -DDACE_SUBST_VERIFY -DDACE_SUBST_ENABLE -DHAVE_FC_ATTRIBUTE_CONTIGUOUS -D__ICON__ -D__NO_ICON_LES__ -D__NO_ICON_OCEAN__ -D__NO_JSBACH__ -D__NO_JSBACH_HD__ -D__NO_QUINCY__ -D__NO_ICON_WAVES__ -D__NO_AES__ -D__ECRAD -D__NO_RTE_RRTMGP__ -D__NO_ICON_COMIN__ -DHAVE_ACM_LICENSE -DNOMPI -D__NO_ICON_TESTBED__ -std=legacy -cpp conftest.f90 >&5
configure:9395: $? = 0
configure:9405: result: no
configure:9567: checking whether the Fortran preprocessor macro _OPENACC is defined
configure:9581: mpif90 -c -g -O2 -I/usr/include/ -Wall -frecursive -Wno-unused-variable -Wno-unused-dummy-argument -Wno-unused-function -Wno-missing-include-dirs -DDACE_SUBST_VERIFY -DDACE_SUBST_ENABLE -DHAVE_FC_ATTRIBUTE_CONTIGUOUS -D__ICON__ -D__NO_ICON_LES__ -D__NO_ICON_OCEAN__ -D__NO_JSBACH__ -D__NO_JSBACH_HD__ -D__NO_QUINCY__ -D__NO_ICON_WAVES__ -D__NO_AES__ -D__ECRAD -D__NO_RTE_RRTMGP__ -D__NO_ICON_COMIN__ -DHAVE_ACM_LICENSE -DNOMPI -D__NO_ICON_TESTBED__ -std=legacy -cpp conftest.f90 >&5
conftest.f90:4:7:

    4 |       choke me
      |       1
Error: Unclassifiable statement at (1)
configure:9581: $? = 1
configure: failed program was:
|       program main
| #ifdef _OPENACC
| #else
|       choke me
| #endif
|       end
configure:9593: mpif90 -c -g -O2 -I/usr/include/ -Wall -frecursive -Wno-unused-variable -Wno-unused-dummy-argument -Wno-unused-function -Wno-missing-include-dirs -DDACE_SUBST_VERIFY -DDACE_SUBST_ENABLE -DHAVE_FC_ATTRIBUTE_CONTIGUOUS -D__ICON__ -D__NO_ICON_LES__ -D__NO_ICON_OCEAN__ -D__NO_JSBACH__ -D__NO_JSBACH_HD__ -D__NO_QUINCY__ -D__NO_ICON_WAVES__ -D__NO_AES__ -D__ECRAD -D__NO_RTE_RRTMGP__ -D__NO_ICON_COMIN__ -DHAVE_ACM_LICENSE -DNOMPI -D__NO_ICON_TESTBED__ -std=legacy -cpp conftest.f90 >&5
configure:9593: $? = 0
configure:9603: result: no
configure:9740: checking whether the Fortran 90 interface of NetCDF library is available
configure:9756: mpif90 -o conftest -g -O2 -I/usr/include/ -Wall -frecursive -Wno-unused-variable -Wno-unused-dummy-argument -Wno-unused-function -Wno-missing-include-dirs -DDACE_SUBST_VERIFY -DDACE_SUBST_ENABLE -DHAVE_FC_ATTRIBUTE_CONTIGUOUS -D__ICON__ -D__NO_ICON_LES__ -D__NO_ICON_OCEAN__ -D__NO_JSBACH__ -D__NO_JSBACH_HD__ -D__NO_QUINCY__ -D__NO_ICON_WAVES__ -D__NO_AES__ -D__ECRAD -D__NO_RTE_RRTMGP__ -D__NO_ICON_COMIN__ -DHAVE_ACM_LICENSE -DNOMPI -D__NO_ICON_TESTBED__ -std=legacy -L/usr/lib/x86_64-linux-gnu/ -L/home/primrose/Work/IconGrounds/icon-dace/.dacecache/radiation/build -Wl,-rpath -Wl,/usr/lib/x86_64-linux-gnu/ -Wl,-rpath -Wl,/home/primrose/Work/IconGrounds/icon-dace/.dacecache/radiation/build -cpp conftest.f90 -leccodes -lnetcdff -lnetcdf -lopenblas -lradiation >&5
configure:9756: $? = 0
configure:9763: result: yes
configure:10135: checking whether Fortran BLAS library is available
configure:10147: mpif90 -o conftest -g -O2 -I/usr/include/ -Wall -frecursive -Wno-unused-variable -Wno-unused-dummy-argument -Wno-unused-function -Wno-missing-include-dirs -DDACE_SUBST_VERIFY -DDACE_SUBST_ENABLE -DHAVE_FC_ATTRIBUTE_CONTIGUOUS -D__ICON__ -D__NO_ICON_LES__ -D__NO_ICON_OCEAN__ -D__NO_JSBACH__ -D__NO_JSBACH_HD__ -D__NO_QUINCY__ -D__NO_ICON_WAVES__ -D__NO_AES__ -D__ECRAD -D__NO_RTE_RRTMGP__ -D__NO_ICON_COMIN__ -DHAVE_ACM_LICENSE -DNOMPI -D__NO_ICON_TESTBED__ -std=legacy -L/usr/lib/x86_64-linux-gnu/ -L/home/primrose/Work/IconGrounds/icon-dace/.dacecache/radiation/build -Wl,-rpath -Wl,/usr/lib/x86_64-linux-gnu/ -Wl,-rpath -Wl,/home/primrose/Work/IconGrounds/icon-dace/.dacecache/radiation/build -cpp conftest.f90 -leccodes -lnetcdff -lnetcdf -lopenblas -lradiation >&5
configure:10147: $? = 0
configure:10154: result: yes
configure:10165: checking whether Fortran LAPACK library is available
configure:10177: mpif90 -o conftest -g -O2 -I/usr/include/ -Wall -frecursive -Wno-unused-variable -Wno-unused-dummy-argument -Wno-unused-function -Wno-missing-include-dirs -DDACE_SUBST_VERIFY -DDACE_SUBST_ENABLE -DHAVE_FC_ATTRIBUTE_CONTIGUOUS -D__ICON__ -D__NO_ICON_LES__ -D__NO_ICON_OCEAN__ -D__NO_JSBACH__ -D__NO_JSBACH_HD__ -D__NO_QUINCY__ -D__NO_ICON_WAVES__ -D__NO_AES__ -D__ECRAD -D__NO_RTE_RRTMGP__ -D__NO_ICON_COMIN__ -DHAVE_ACM_LICENSE -DNOMPI -D__NO_ICON_TESTBED__ -std=legacy -L/usr/lib/x86_64-linux-gnu/ -L/home/primrose/Work/IconGrounds/icon-dace/.dacecache/radiation/build -Wl,-rpath -Wl,/usr/lib/x86_64-linux-gnu/ -Wl,-rpath -Wl,/home/primrose/Work/IconGrounds/icon-dace/.dacecache/radiation/build -cpp conftest.f90 -leccodes -lnetcdff -lnetcdf -lopenblas -lradiation >&5
configure:10177: $? = 0
configure:10184: result: yes
configure:12208: checking for a BSD-compatible install
configure:12281: result: /usr/bin/install -c
configure:12293: checking for a race-free mkdir -p
configure:12337: result: /usr/bin/mkdir -p
configure:12344: checking for ar
configure:12363: mpif90 -c -Iexternals/ecrad/mod -Iexternals/cdi/src -Iexternals/mtime/src -Iexternals/fortran-support/build/src/mod -Iexternals/math-support/build/src/mod -Iexternals/math-interpolation/build/src/mod -g -O2 -I/usr/include/ -Wall -frecursive -Wno-unused-variable -Wno-unused-dummy-argument -Wno-unused-function -Wno-missing-include-dirs -DDACE_SUBST_VERIFY -DDACE_SUBST_ENABLE -DHAVE_FC_ATTRIBUTE_CONTIGUOUS -D__ICON__ -D__NO_ICON_LES__ -D__NO_ICON_OCEAN__ -D__NO_JSBACH__ -D__NO_JSBACH_HD__ -D__NO_QUINCY__ -D__NO_ICON_WAVES__ -D__NO_AES__ -D__ECRAD -D__NO_RTE_RRTMGP__ -D__NO_ICON_COMIN__ -DHAVE_ACM_LICENSE -DNOMPI -D__NO_ICON_TESTBED__ -std=legacy -cpp conftest.f90 >&5
configure:12363: $? = 0
configure:12366: ar cr libconftest.a conftest.o >/dev/null
configure:12369: $? = 0
configure:12385: result: ar
configure:12446: checking for ranlib
configure:12467: found /usr/bin/ranlib
configure:12478: result: ranlib
configure:12501: checking for python
configure:12516: python3 /home/primrose/Work/IconGrounds/icon-dace/icon-scratchpad/icon-model/utils/mkhelper/depgen.py -h >/dev/null
configure:12519: $? = 0
configure:12531: result: python3
configure:12547: checking for cmake
configure:12562: cmake --version >&5
cmake version 3.28.3

CMake suite maintained and supported by Kitware (kitware.com/cmake).
configure:12565: $? = 0
configure:12577: result: cmake
configure:12596: checking for Fortran preprocessor command
configure:12696: mpif90 -E -Isub -DCONFTEST_ONE -DCONFTEST_TWO=42 -Iexternals/ecrad/mod -Iexternals/cdi/src -Iexternals/mtime/src -Iexternals/fortran-support/build/src/mod -Iexternals/math-support/build/src/mod -Iexternals/math-interpolation/build/src/mod -g -O2 -I/usr/include/ -Wall -frecursive -Wno-unused-variable -Wno-unused-dummy-argument -Wno-unused-function -Wno-missing-include-dirs -DDACE_SUBST_VERIFY -DDACE_SUBST_ENABLE -DHAVE_FC_ATTRIBUTE_CONTIGUOUS -D__ICON__ -D__NO_ICON_LES__ -D__NO_ICON_OCEAN__ -D__NO_JSBACH__ -D__NO_JSBACH_HD__ -D__NO_QUINCY__ -D__NO_ICON_WAVES__ -D__NO_AES__ -D__ECRAD -D__NO_RTE_RRTMGP__ -D__NO_ICON_COMIN__ -DHAVE_ACM_LICENSE -DNOMPI -D__NO_ICON_TESTBED__ conftest.f90 >conftest.acx_prog_fpp
gfortran: error: gfortran does not support -E without -cpp
configure:12700: $? = 1
configure:12696: mpif90 -E -cpp -Isub -DCONFTEST_ONE -DCONFTEST_TWO=42 -Iexternals/ecrad/mod -Iexternals/cdi/src -Iexternals/mtime/src -Iexternals/fortran-support/build/src/mod -Iexternals/math-support/build/src/mod -Iexternals/math-interpolation/build/src/mod -g -O2 -I/usr/include/ -Wall -frecursive -Wno-unused-variable -Wno-unused-dummy-argument -Wno-unused-function -Wno-missing-include-dirs -DDACE_SUBST_VERIFY -DDACE_SUBST_ENABLE -DHAVE_FC_ATTRIBUTE_CONTIGUOUS -D__ICON__ -D__NO_ICON_LES__ -D__NO_ICON_OCEAN__ -D__NO_JSBACH__ -D__NO_JSBACH_HD__ -D__NO_QUINCY__ -D__NO_ICON_WAVES__ -D__NO_AES__ -D__ECRAD -D__NO_RTE_RRTMGP__ -D__NO_ICON_COMIN__ -DHAVE_ACM_LICENSE -DNOMPI -D__NO_ICON_TESTBED__ conftest.f90 >conftest.acx_prog_fpp
configure:12700: $? = 0
configure:12709: mpif90 -c -Iexternals/ecrad/mod -Iexternals/cdi/src -Iexternals/mtime/src -Iexternals/fortran-support/build/src/mod -Iexternals/math-support/build/src/mod -Iexternals/math-interpolation/build/src/mod -g -O2 -I/usr/include/ -Wall -frecursive -Wno-unused-variable -Wno-unused-dummy-argument -Wno-unused-function -Wno-missing-include-dirs -DDACE_SUBST_VERIFY -DDACE_SUBST_ENABLE -DHAVE_FC_ATTRIBUTE_CONTIGUOUS -D__ICON__ -D__NO_ICON_LES__ -D__NO_ICON_OCEAN__ -D__NO_JSBACH__ -D__NO_JSBACH_HD__ -D__NO_QUINCY__ -D__NO_ICON_WAVES__ -D__NO_AES__ -D__ECRAD -D__NO_RTE_RRTMGP__ -D__NO_ICON_COMIN__ -DHAVE_ACM_LICENSE -DNOMPI -D__NO_ICON_TESTBED__ -std=legacy -cpp conftest.f90 >&5
configure:12709: $? = 0
configure:12725: result: mpif90 -E -cpp
configure:13134: creating ./config.status

## ---------------------- ##
## Running config.status. ##
## ---------------------- ##

This file was extended by icon config.status 2024.10, which was
generated by GNU Autoconf 2.71.  Invocation command line was

  CONFIG_FILES    = 
  CONFIG_HEADERS  = 
  CONFIG_LINKS    = 
  CONFIG_COMMANDS = 
  $ ./config.status 

on primrose-pc

config.status:1008: creating Makefile
config.status:1008: creating depgen.c.config
config.status:1008: creating depgen.f90.config
config.status:1008: creating deplist.config
config.status:1008: creating icon.mk
config.status:1008: creating collect.extra-libs
config.status:1008: creating run/collect.set-up.info
config.status:1008: creating config.h
config.status:1188: executing run/set-up.info commands
config.status:1188: executing run/SETUP.config commands
config.status:1188: executing depfiles commands
configure:14330: WARNING: unrecognized options: --disable-edmf

## ---------------- ##
## Cache variables. ##
## ---------------- ##

ac_cv_build=x86_64-pc-linux-gnu
ac_cv_c_compiler_gnu=yes
ac_cv_env_ARFLAGS_set=
ac_cv_env_ARFLAGS_value=
ac_cv_env_AR_set=
ac_cv_env_AR_value=
ac_cv_env_BUILD_ENV_set=set
ac_cv_env_BUILD_ENV_value=' export LD_LIBRARY_PATH="/usr/lib64:${LD_LIBRARY_PATH-}"; export LD_LIBRARY_PATH="/usr/lib:${LD_LIBRARY_PATH-}"; export PATH="/usr/bin:${PATH-}";'
ac_cv_env_CC_set=set
ac_cv_env_CC_value=mpicc
ac_cv_env_CFLAGS_set=set
ac_cv_env_CFLAGS_value='-g -march=native'
ac_cv_env_CMAKE_set=
ac_cv_env_CMAKE_value=
ac_cv_env_CPPFLAGS_set=set
ac_cv_env_CPPFLAGS_value='-I/usr/include -I/usr/include/libxml2'
ac_cv_env_CUDACXX_set=
ac_cv_env_CUDACXX_value=
ac_cv_env_CUDAFLAGS_set=
ac_cv_env_CUDAFLAGS_value=
ac_cv_env_CXXFLAGS_set=set
ac_cv_env_CXXFLAGS_value='-g -march=native'
ac_cv_env_CXX_set=set
ac_cv_env_CXX_value=g++
ac_cv_env_FCFLAGS_set=set
ac_cv_env_FCFLAGS_value='-g -O2 -I/usr/include/ -Wall -frecursive -Wno-unused-variable -Wno-unused-dummy-argument -Wno-unused-function -Wno-missing-include-dirs -DDACE_SUBST_VERIFY -DDACE_SUBST_ENABLE'
ac_cv_env_FC_set=set
ac_cv_env_FC_value=mpif90
ac_cv_env_FPP_set=
ac_cv_env_FPP_value=
ac_cv_env_HIPCXX_set=
ac_cv_env_HIPCXX_value=
ac_cv_env_HIPFLAGS_set=
ac_cv_env_HIPFLAGS_value=
ac_cv_env_ICON_BUNDLED_CFLAGS_set=set
ac_cv_env_ICON_BUNDLED_CFLAGS_value=-O2
ac_cv_env_ICON_BUNDLED_CXXFLAGS_set=set
ac_cv_env_ICON_BUNDLED_CXXFLAGS_value=-O2
ac_cv_env_ICON_BUNDLED_FCFLAGS_set=
ac_cv_env_ICON_BUNDLED_FCFLAGS_value=
ac_cv_env_ICON_CDI_CFLAGS_set=
ac_cv_env_ICON_CDI_CFLAGS_value=
ac_cv_env_ICON_CDI_FCFLAGS_set=
ac_cv_env_ICON_CDI_FCFLAGS_value=
ac_cv_env_ICON_CFLAGS_set=set
ac_cv_env_ICON_CFLAGS_value=-O3
ac_cv_env_ICON_COMIN_CFLAGS_set=
ac_cv_env_ICON_COMIN_CFLAGS_value=
ac_cv_env_ICON_COMIN_CXXFLAGS_set=
ac_cv_env_ICON_COMIN_CXXFLAGS_value=
ac_cv_env_ICON_COMIN_FCFLAGS_set=
ac_cv_env_ICON_COMIN_FCFLAGS_value=
ac_cv_env_ICON_ECRAD_FCFLAGS_set=
ac_cv_env_ICON_ECRAD_FCFLAGS_value=
ac_cv_env_ICON_FCFLAGS_set=set
ac_cv_env_ICON_FCFLAGS_value=-std=legacy
ac_cv_env_ICON_FORTRAN_SUPPORT_CFLAGS_set=
ac_cv_env_ICON_FORTRAN_SUPPORT_CFLAGS_value=
ac_cv_env_ICON_FORTRAN_SUPPORT_FCFLAGS_set=
ac_cv_env_ICON_FORTRAN_SUPPORT_FCFLAGS_value=
ac_cv_env_ICON_HD_FCFLAGS_set=
ac_cv_env_ICON_HD_FCFLAGS_value=
ac_cv_env_ICON_LDFLAGS_set=
ac_cv_env_ICON_LDFLAGS_value=
ac_cv_env_ICON_MATH_INTERPOLATION_FCFLAGS_set=
ac_cv_env_ICON_MATH_INTERPOLATION_FCFLAGS_value=
ac_cv_env_ICON_MATH_SUPPORT_FCFLAGS_set=
ac_cv_env_ICON_MATH_SUPPORT_FCFLAGS_value=
ac_cv_env_ICON_MTIME_CFLAGS_set=
ac_cv_env_ICON_MTIME_CFLAGS_value=
ac_cv_env_ICON_MTIME_FCFLAGS_set=
ac_cv_env_ICON_MTIME_FCFLAGS_value=
ac_cv_env_ICON_PPM_CFLAGS_set=
ac_cv_env_ICON_PPM_CFLAGS_value=
ac_cv_env_ICON_PPM_FCFLAGS_set=
ac_cv_env_ICON_PPM_FCFLAGS_value=
ac_cv_env_ICON_RTE_RRTMGP_FCFLAGS_set=
ac_cv_env_ICON_RTE_RRTMGP_FCFLAGS_value=
ac_cv_env_ICON_SCT_CFLAGS_set=
ac_cv_env_ICON_SCT_CFLAGS_value=
ac_cv_env_ICON_SCT_FCFLAGS_set=
ac_cv_env_ICON_SCT_FCFLAGS_value=
ac_cv_env_ICON_TIXI_CFLAGS_set=
ac_cv_env_ICON_TIXI_CFLAGS_value=
ac_cv_env_ICON_TIXI_FCFLAGS_set=
ac_cv_env_ICON_TIXI_FCFLAGS_value=
ac_cv_env_ICON_YAC_CFLAGS_set=
ac_cv_env_ICON_YAC_CFLAGS_value=
ac_cv_env_ICON_YAC_FCFLAGS_set=
ac_cv_env_ICON_YAC_FCFLAGS_value=
ac_cv_env_ICON_YAXT_CFLAGS_set=
ac_cv_env_ICON_YAXT_CFLAGS_value=
ac_cv_env_ICON_YAXT_FCFLAGS_set=
ac_cv_env_ICON_YAXT_FCFLAGS_value=
ac_cv_env_LDFLAGS_set=set
ac_cv_env_LDFLAGS_value='-L/usr/lib/x86_64-linux-gnu/ -L/home/primrose/Work/IconGrounds/icon-dace/.dacecache/radiation/build'
ac_cv_env_LIBS_set=set
ac_cv_env_LIBS_value='-leccodes -lnetcdff -lnetcdf -lopenblas -lradiation'
ac_cv_env_MPI_LAUNCH_set=set
ac_cv_env_MPI_LAUNCH_value=mpiexec
ac_cv_env_PYTHON_set=
ac_cv_env_PYTHON_value=
ac_cv_env_RANLIB_set=
ac_cv_env_RANLIB_value=
ac_cv_env_SB2PP_set=
ac_cv_env_SB2PP_value=
ac_cv_env_build_alias_set=
ac_cv_env_build_alias_value=
ac_cv_env_host_alias_set=
ac_cv_env_host_alias_value=
ac_cv_env_target_alias_set=
ac_cv_env_target_alias_value=
ac_cv_fc_compiler_gnu=yes
ac_cv_header_assert_h=yes
ac_cv_header_ctype_h=yes
ac_cv_header_dirent_h=yes
ac_cv_header_errno_h=yes
ac_cv_header_fcntl_h=yes
ac_cv_header_math_h=yes
ac_cv_header_stdbool_h=yes
ac_cv_header_stdio_h=yes
ac_cv_header_stdlib_h=yes
ac_cv_header_string_h=yes
ac_cv_header_sys_stat_h=yes
ac_cv_header_sys_types_h=yes
ac_cv_header_time_h=yes
ac_cv_header_unistd_h=yes
ac_cv_host=x86_64-pc-linux-gnu
ac_cv_objext=o
ac_cv_path_install='/usr/bin/install -c'
ac_cv_path_mkdir=/usr/bin/mkdir
ac_cv_prog_ac_ct_CC=mpicc
ac_cv_prog_ac_ct_RANLIB=ranlib
ac_cv_prog_cc_c11=
ac_cv_prog_cc_g=yes
ac_cv_prog_cc_stdc=
ac_cv_prog_fc_g=yes
acx_cv_c_compiler_vendor=gnu
acx_cv_c_compiler_version=13.3.0
acx_cv_fc_attribute_contiguous=yes
acx_cv_fc_compiler_vendor=gnu
acx_cv_fc_compiler_version=14.2.0
acx_cv_fc_ftn_include_flag=-I
acx_cv_fc_ftn_include_order=src,flg
acx_cv_fc_line_length_unlimited=
acx_cv_fc_macro__OPENACC_defined=no
acx_cv_fc_macro__OPENMP_defined=no
acx_cv_fc_macro_flag=-D
acx_cv_fc_module_in_flag=-I
acx_cv_fc_module_naming_ext=mod
acx_cv_fc_module_naming_upper=no
acx_cv_fc_module_out_flag=-J
acx_cv_fc_module_root_smod=yes
acx_cv_fc_module_snaming_ext=smod
acx_cv_fc_module_snaming_infix=@
acx_cv_fc_pp_include_flag=-I
acx_cv_fc_pp_include_order=inc,flg
acx_cv_fc_pp_srcext_f90=-cpp
acx_cv_fc_rpath_flag='-Wl,-rpath -Wl,'
acx_cv_host_fqdn=primrose-pc
acx_cv_prog_AR=ar
acx_cv_prog_CMAKE=cmake
acx_cv_prog_PYTHON=python3
acx_cv_prog_fpp='mpif90 -E -cpp'
icon_cv_have_blas=yes
icon_cv_have_lapack=yes
icon_cv_have_mpi_choice=yes
icon_cv_have_mpi_cptr=yes
icon_cv_have_netcdf90=yes

## ----------------- ##
## Output variables. ##
## ----------------- ##







	$(silent_CMAKE)$(MKDIR_P) $(@D) && cd $(@D) && "${CMAKE}"  '\''-Wno-dev'\'' '\''--no-warn-unused-cli'\'' '\''-GUnix Makefiles'\'' '\''-DCMAKE_EXE_LINKER_FLAGS=-L/usr/lib/x86_64-linux-gnu/ -L/home/primrose/Work/IconGrounds/icon-dace/.dacecache/radiation/build'\'' '\''-DCMAKE_C_STANDARD_LIBRARIES=-leccodes -lnetcdff -lnetcdf -lopenblas -lradiation'\'' '\''-DCMAKE_Fortran_STANDARD_LIBRARIES=-leccodes -lnetcdff -lnetcdf -lopenblas -lradiation'\'' '\''-DCMAKE_EXE_LINKER_FLAGS='\'' '\''-DCMAKE_C_STANDARD_LIBRARIES='\'' '\''-DCMAKE_Fortran_STANDARD_LIBRARIES='\'' '\''-DCMAKE_INSTALL_PREFIX=/usr/local'\'' '\''/home/primrose/Work/IconGrounds/icon-dace/icon-scratchpad/icon-model/externals/fortran-support'\'' '\''-DCMAKE_C_FLAGS=-g -march=native -O2 -I/usr/include -I/usr/include/libxml2'\'' '\''-DCMAKE_Fortran_FLAGS=-g -O2 -I/usr/include/ -Wall -frecursive -Wno-unused-variable -Wno-unused-dummy-argument -Wno-unused-function -Wno-missing-include-dirs -DDACE_SUBST_VERIFY -DDACE_SUBST_ENABLE -std=legacy'\'' '\''-DFS_ENABLE_OMP=no'\'' '\''-DFS_ENABLE_MIXED_PRECISION=no'\'' '\''-DFS_ENABLE_OPENACC=OFF'\'' '\''-DBUILD_SHARED_LIBS:BOOL=OFF'\'' '\''-DBUILD_TESTING:BOOL=OFF'\'' '\''-DCMAKE_BUILD_TYPE:STRING=NOEXTRAFLAGS'\'' $(if $(silent_CMAKE),>/dev/null)
	$(silent_CMAKE)$(MKDIR_P) $(@D) && cd $(@D) && "${CMAKE}"  '\''-Wno-dev'\'' '\''--no-warn-unused-cli'\'' '\''-GUnix Makefiles'\'' '\''-DCMAKE_EXE_LINKER_FLAGS=-L/usr/lib/x86_64-linux-gnu/ -L/home/primrose/Work/IconGrounds/icon-dace/.dacecache/radiation/build'\'' '\''-DCMAKE_Fortran_STANDARD_LIBRARIES=-leccodes -lnetcdff -lnetcdf -lopenblas -lradiation'\'' '\''-DCMAKE_EXE_LINKER_FLAGS='\'' '\''-DCMAKE_Fortran_STANDARD_LIBRARIES='\'' '\''-DCMAKE_INSTALL_PREFIX=/usr/local'\'' '\''/home/primrose/Work/IconGrounds/icon-dace/icon-scratchpad/icon-model/externals/math-interpolation'\'' '\''-DCMAKE_Fortran_FLAGS=-g -O2 -I/usr/include/ -Wall -frecursive -Wno-unused-variable -Wno-unused-dummy-argument -Wno-unused-function -Wno-missing-include-dirs -DDACE_SUBST_VERIFY -DDACE_SUBST_ENABLE -std=legacy'\'' '\''-DMI_ENABLE_LOOP_EXCHANGE=no'\'' '\''-DMI_ENABLE_MIXED_PRECISION=no'\'' '\''-DMI_ENABLE_DIM_SWAP=no'\'' '\''-DMI_ENABLE_OPENACC=OFF'\'' '\''-DCMAKE_PREFIX_PATH:PATH=/home/primrose/Work/IconGrounds/icon-dace/icon-scratchpad/icon-model/build/verification/externals/fortran-support/build;/home/primrose/Work/IconGrounds/icon-dace/icon-scratchpad/icon-model/build/verification/externals/math-support/build'\'' '\''-DBUILD_SHARED_LIBS:BOOL=OFF'\'' '\''-DBUILD_TESTING:BOOL=OFF'\'' '\''-DBUILD_STANDALONE:BOOL=OFF'\'' '\''-DCMAKE_BUILD_TYPE:STRING=NOEXTRAFLAGS'\'' $(if $(silent_CMAKE),>/dev/null)'
	$(silent_CMAKE)$(MKDIR_P) $(@D) && cd $(@D) && "${CMAKE}"  '\''-Wno-dev'\'' '\''--no-warn-unused-cli'\'' '\''-GUnix Makefiles'\'' '\''-DCMAKE_EXE_LINKER_FLAGS=-L/usr/lib/x86_64-linux-gnu/ -L/home/primrose/Work/IconGrounds/icon-dace/.dacecache/radiation/build'\'' '\''-DCMAKE_Fortran_STANDARD_LIBRARIES=-leccodes -lnetcdff -lnetcdf -lopenblas -lradiation'\'' '\''-DCMAKE_EXE_LINKER_FLAGS='\'' '\''-DCMAKE_Fortran_STANDARD_LIBRARIES='\'' '\''-DCMAKE_INSTALL_PREFIX=/usr/local'\'' '\''/home/primrose/Work/IconGrounds/icon-dace/icon-scratchpad/icon-model/externals/math-support'\'' '\''-DCMAKE_Fortran_FLAGS=-g -O2 -I/usr/include/ -Wall -frecursive -Wno-unused-variable -Wno-unused-dummy-argument -Wno-unused-function -Wno-missing-include-dirs -DDACE_SUBST_VERIFY -DDACE_SUBST_ENABLE -std=legacy'\'' '\''-DMS_ENABLE_LOOP_EXCHANGE=no'\'' '\''-DMS_ENABLE_MIXED_PRECISION=no'\'' '\''-DMS_ENABLE_DIM_SWAP=no'\'' '\''-DMS_ENABLE_OPENACC=OFF'\'' '\''-DCMAKE_PREFIX_PATH:PATH=/home/primrose/Work/IconGrounds/icon-dace/icon-scratchpad/icon-model/build/verification/externals/fortran-support/build'\'' '\''-DBUILD_SHARED_LIBS:BOOL=OFF'\'' '\''-DBUILD_TESTING:BOOL=OFF'\'' '\''-DBUILD_STANDALONE:BOOL=OFF'\'' '\''-DCMAKE_BUILD_TYPE:STRING=NOEXTRAFLAGS'\'' $(if $(silent_CMAKE),>/dev/null)
	$(silent_CONFIG)$(MKDIR_P) $(@D) && cd $(@D) && '\''/home/primrose/Work/IconGrounds/icon-dace/icon-scratchpad/icon-model/externals/cdi/configure'\''  '\''CPPFLAGS=-I/usr/include -I/usr/include/libxml2'\'' '\''CXXFLAGS=-g -march=native'\'' '\''LDFLAGS=-L/usr/lib64 -L/usr/lib'\'' '\''LIBS=-lxml2 -lfyaml -leccodes -llapack -lblas -lnetcdff -lnetcdf -lstdc++'\'' '\''--enable-grib2'\'' '\''--enable-mixed-precision'\'' '\''--enable-rte-rrtmgp'\'' '\''CC=mpicc'\'' '\''FC=mpif90'\'' '\''LDFLAGS=-L/usr/lib/x86_64-linux-gnu/ -L/home/primrose/Work/IconGrounds/icon-dace/.dacecache/radiation/build'\'' '\''LIBS=-leccodes -lnetcdff -lnetcdf -lopenblas -lradiation'\'' '\''--enable-acm-license'\'' '\''--disable-mixed-precision'\'' '\''--disable-edmf'\'' '\''--disable-les'\'' '\''--disable-ocean'\'' '\''--disable-jsbach'\'' '\''--disable-coupling'\'' '\''--disable-aes'\'' '\''--disable-rte-rrtmgp'\'' '\''--enable-ecrad'\'' '\''--disable-mpi-checks'\'' '\''--disable-loop-exchange'\'' '\''--enable-dace-subst=no'\'' '\''--enable-explicit-fpp'\'' '\''--disable-option-checking'\'' '\''--prefix=/usr/local'\'' '\''--cache-file=/dev/null'\'' '\''--srcdir=/home/primrose/Work/IconGrounds/icon-dace/icon-scratchpad/icon-model/externals/cdi'\'' '\''CFLAGS=-g -march=native -O2'\'' '\''FCFLAGS=-g -O2 -I/usr/include/ -Wall -frecursive -Wno-unused-variable -Wno-unused-dummy-argument -Wno-unused-function -Wno-missing-include-dirs -DDACE_SUBST_VERIFY -DDACE_SUBST_ENABLE -std=legacy'\'' '\''F77=no'\'' '\''CXX=no'\'' '\''UTIL_LINUX_UUID_C_INCLUDE='\'' '\''UTIL_LINUX_UUID_C_LIB='\'' '\''OSSP_UUID_C_INCLUDE='\'' '\''OSSP_UUID_C_LIB='\'' '\''DCE_UUID_C_INCLUDE='\'' '\''DCE_UUID_C_LIB='\'' '\''MPIROOT='\'' '\''MPI_C_INCLUDE='\'' '\''MPI_C_LIB='\'' '\''MPI_LAUNCH=/usr/bin//mpiexec'\'' '\''MPI_FC_MOD='\'' '\''MPI_FC_LIB='\'' '\''PKG_CONFIG='\'' '\''YAXT_C_INCLUDE='\'' '\''YAXT_C_LIB='\'' '\''YAXT_FC_MOD='\'' '\''YAXT_FC_LIB='\'' '\''PPM_CORE_C_INCLUDE='\'' '\''PPM_CORE_C_LIB='\'' '\''BUILD_CFLAGS='\'' '\''BUILD_FCFLAGS='\'' '\''BUILD_LDFLAGS='\'' '\''BUILD_LIBS='\'' '\''BUILD_MPI_C_LIB='\'' '\''BUILD_MPI_FC_LIB='\'' '\''BUILD_CC='\'' '\''BUILD_CXX='\'' '\''BUILD_FC='\'' '\''BUILD_F77='\'' '\''--enable-silent-rules=yes'\'' '\''--disable-maintainer-mode'\'' '\''--enable-mpi=no'\'' '\''--enable-iso-c-interface'\'' '\''--enable-cf-interface=no'\'' '\''--disable-ruby-interface'\'' '\''--disable-python-interface'\'' '\''--disable-openmp'\'' '\''--disable-shared'\'' '\''--enable-static'\'' '\''--enable-grib'\'' '\''--disable-across'\'' '\''--enable-cgribex'\'' '\''--disable-cdi-app'\'' '\''--enable-ppm-dist-array=no'\'' '\''--without-util-linux-uuid'\'' '\''--without-ossp-uuid'\'' '\''--without-dce-uuid'\'' '\''--without-threads'\'' '\''--without-fdb5'\'' '\''--without-szlib'\'' '\''--with-netcdf'\'' '\''--with-eccodes=yes'\'' '\''--without-grib_api'\'' '\''--with-on-demand-check-programs'\'' '\''--without-example-programs'\'' '\''acx_cv_have_netcdf2=yes'\'' '\''acx_cv_have_netcdf4=yes'\'' '\''acx_cv_have_pnetcdf=no'\'' '\''acx_cv_have_libnc_dap=no'\'' '\''acx_cv_have_nc4hdf5=no'\'' $(if $(silent_CONFIG),--silent)
	$(silent_CONFIG)$(MKDIR_P) $(@D) && cd $(@D) && '\''/home/primrose/Work/IconGrounds/icon-dace/icon-scratchpad/icon-model/externals/ecrad/configure'\''  '\''CPPFLAGS=-I/usr/include -I/usr/include/libxml2'\'' '\''CXX=g++'\'' '\''CXXFLAGS=-g -march=native'\'' '\''LDFLAGS=-L/usr/lib64 -L/usr/lib'\'' '\''LIBS=-lxml2 -lfyaml -leccodes -llapack -lblas -lnetcdff -lnetcdf -lstdc++'\'' '\''MPI_LAUNCH=mpiexec'\'' '\''--enable-openmp'\'' '\''--enable-grib2'\'' '\''--enable-mixed-precision'\'' '\''--enable-rte-rrtmgp'\'' '\''CC=mpicc'\'' '\''FC=mpif90'\'' '\''LDFLAGS=-L/usr/lib/x86_64-linux-gnu/ -L/home/primrose/Work/IconGrounds/icon-dace/.dacecache/radiation/build'\'' '\''LIBS=-leccodes -lnetcdff -lnetcdf -lopenblas -lradiation'\'' '\''--enable-acm-license'\'' '\''--disable-mixed-precision'\'' '\''--disable-edmf'\'' '\''--disable-les'\'' '\''--disable-ocean'\'' '\''--disable-jsbach'\'' '\''--disable-coupling'\'' '\''--disable-aes'\'' '\''--disable-rte-rrtmgp'\'' '\''--enable-ecrad'\'' '\''--disable-mpi'\'' '\''--disable-mpi-checks'\'' '\''--disable-openmp'\'' '\''--disable-loop-exchange'\'' '\''--enable-dace-subst=no'\'' '\''--enable-explicit-fpp'\'' '\''--disable-option-checking'\'' '\''--prefix=/usr/local'\'' '\''--cache-file=/dev/null'\'' '\''--srcdir=/home/primrose/Work/IconGrounds/icon-dace/icon-scratchpad/icon-model/externals/ecrad'\'' '\''FCFLAGS=-g -O2 -I/usr/include/ -Wall -frecursive -Wno-unused-variable -Wno-unused-dummy-argument -Wno-unused-function -Wno-missing-include-dirs -DDACE_SUBST_VERIFY -DDACE_SUBST_ENABLE -std=legacy'\'' '\''NETCDF_FCFLAGS='\'' '\''NETCDF_FCLIBS='\'' '\''--enable-silent-rules=yes'\'' '\''--enable-pgi-inlib=no'\'' $(if $(silent_CONFIG),--silent)
	$(silent_CONFIG)$(MKDIR_P) $(@D) && cd $(@D) && '\''/home/primrose/Work/IconGrounds/icon-dace/icon-scratchpad/icon-model/externals/mtime/configure'\''  '\''CPPFLAGS=-I/usr/include -I/usr/include/libxml2'\'' '\''CXX=g++'\'' '\''CXXFLAGS=-g -march=native'\'' '\''LDFLAGS=-L/usr/lib64 -L/usr/lib'\'' '\''LIBS=-lxml2 -lfyaml -leccodes -llapack -lblas -lnetcdff -lnetcdf -lstdc++'\'' '\''MPI_LAUNCH=mpiexec'\'' '\''--enable-openmp'\'' '\''--enable-grib2'\'' '\''--enable-mixed-precision'\'' '\''--enable-rte-rrtmgp'\'' '\''CC=mpicc'\'' '\''FC=mpif90'\'' '\''LDFLAGS=-L/usr/lib/x86_64-linux-gnu/ -L/home/primrose/Work/IconGrounds/icon-dace/.dacecache/radiation/build'\'' '\''LIBS=-leccodes -lnetcdff -lnetcdf -lopenblas -lradiation'\'' '\''--enable-acm-license'\'' '\''--disable-mixed-precision'\'' '\''--disable-edmf'\'' '\''--disable-les'\'' '\''--disable-ocean'\'' '\''--disable-jsbach'\'' '\''--disable-coupling'\'' '\''--disable-aes'\'' '\''--disable-rte-rrtmgp'\'' '\''--enable-ecrad'\'' '\''--disable-mpi'\'' '\''--disable-mpi-checks'\'' '\''--disable-openmp'\'' '\''--disable-loop-exchange'\'' '\''--enable-dace-subst=no'\'' '\''--enable-explicit-fpp'\'' '\''--disable-option-checking'\'' '\''--prefix=/usr/local'\'' '\''--cache-file=/dev/null'\'' '\''--srcdir=/home/primrose/Work/IconGrounds/icon-dace/icon-scratchpad/icon-model/externals/mtime'\'' '\''CFLAGS=-g -march=native -O2'\'' '\''FCFLAGS=-g -O2 -I/usr/include/ -Wall -frecursive -Wno-unused-variable -Wno-unused-dummy-argument -Wno-unused-function -Wno-missing-include-dirs -DDACE_SUBST_VERIFY -DDACE_SUBST_ENABLE -std=legacy'\'' '\''--enable-silent-rules=yes'\'' '\''--disable-maintainer-mode'\'' '\''--enable-shared=no'\'' '\''--enable-static'\'' '\''--disable-examples'\'' '\''--disable-fortran-hl'\'' '\''--enable-python=no'\'' '\''--with-pic=no'\'' $(if $(silent_CONFIG),--silent)
AR='ar'
ARFLAGS='cr'
ART_ENABLED='#'
BUILD_ENV=' export LD_LIBRARY_PATH="/usr/lib64:${LD_LIBRARY_PATH-}"; export LD_LIBRARY_PATH="/usr/lib:${LD_LIBRARY_PATH-}"; export PATH="/usr/bin:${PATH-}";'
BUILD_ENV_MAKE=' export LD_LIBRARY_PATH="/usr/lib64:$${LD_LIBRARY_PATH-}"; export LD_LIBRARY_PATH="/usr/lib:$${LD_LIBRARY_PATH-}"; export PATH="/usr/bin:$${PATH-}";'
BUNDLED_LIBFILES='externals/math-interpolation/build/src/libmath-interpolation.a externals/math-support/build/src/libmath-support.a externals/fortran-support/build/src/libfortran-support.a externals/mtime/src/.libs/libmtime.a externals/cdi/src/.libs/libcdi_f2003.a externals/cdi/src/.libs/libcdi.a externals/ecrad/libradiation.a externals/ecrad/libifsrrtm.a externals/ecrad/libutilities.a externals/ecrad/libifsaux.a '
BUNDLED_PYTHONPATH=''
CC='mpicc'
CFLAGS='-g -march=native -O3'
CMAKE='cmake'
COMIN_PYTHON_ENABLED='#'
CPPFLAGS='-I/usr/include -I/usr/include/libxml2'
CUDACXX=''
CUDAFLAGS=''
CUDA_ENABLED='#'
CXX='g++'
CXXFLAGS='-g -march=native'
DACE_ENABLED='#'
DACE_SUBST_ENABLED='#'
DEFAULT_VERBOSITY='0'
DEFS='-DHAVE_CONFIG_H'
DELAYED_CONFIG_ENABLED=''
DEPGEN_FCFLAGS=''
ECHO_C=''
ECHO_N='-n'
ECHO_T=''
EMVORADO_ENABLED='#'
EXEEXT=''
FC='mpif90'
FCFLAGS='-Iexternals/ecrad/mod -Iexternals/cdi/src -Iexternals/mtime/src -Iexternals/fortran-support/build/src/mod -Iexternals/math-support/build/src/mod -Iexternals/math-interpolation/build/src/mod -g -O2 -I/usr/include/ -Wall -frecursive -Wno-unused-variable -Wno-unused-dummy-argument -Wno-unused-function -Wno-missing-include-dirs -DDACE_SUBST_VERIFY -DDACE_SUBST_ENABLE -DHAVE_FC_ATTRIBUTE_CONTIGUOUS -D__ICON__ -D__NO_ICON_LES__ -D__NO_ICON_OCEAN__ -D__NO_JSBACH__ -D__NO_JSBACH_HD__ -D__NO_QUINCY__ -D__NO_ICON_WAVES__ -D__NO_AES__ -D__ECRAD -D__NO_RTE_RRTMGP__ -D__NO_ICON_COMIN__ -DHAVE_ACM_LICENSE -DNOMPI -D__NO_ICON_TESTBED__'
FCFLAGS_f90='-cpp'
FC_INC_FLAG='-I'
FC_INC_FLAG_PP_f90='-I'
FC_INC_ORDER='src,flg'
FC_INC_ORDER_PP_f90='inc,flg'
FC_MOD_FILE_EXT='mod'
FC_MOD_FILE_UPPER='no'
FC_MOD_IN='-I'
FC_MOD_ONLY=''
FC_MOD_OUT='-J'
FC_PP_DEF='-D'
FC_ROOT_SMOD='yes'
FC_SMOD_FILE_EXT='smod'
FC_SMOD_FILE_INFIX='@'
FC_VENDOR='gnu'
FC_VERSION='14.2.0'
FPP='mpif90 -E -cpp'
FPP_ENABLED=''
GPU_ENABLED='#'
HIPCXX=''
HIPFLAGS=''
HIP_ENABLED='#'
HIP_OVERRIDES_ENABLED='#'
ICON_BUNDLED_CFLAGS='-O2'
ICON_BUNDLED_CXXFLAGS='-O2'
ICON_BUNDLED_FCFLAGS='-std=legacy'
ICON_CDI_CFLAGS='-O2'
ICON_CDI_FCFLAGS='-std=legacy'
ICON_CFLAGS='-O3'
ICON_COMIN_CFLAGS=''
ICON_COMIN_CXXFLAGS=''
ICON_COMIN_FCFLAGS=''
ICON_DELAYED_CONFIG_RULES='export FC CC CXX
ICON_ECRAD_FCFLAGS='-std=legacy'
ICON_FCFLAGS='-std=legacy'
ICON_FCGROUP_ASSIGNMENTS=''
ICON_FCGROUP_FLAGS=''
ICON_FORTRAN_SUPPORT_CFLAGS='-O2'
ICON_FORTRAN_SUPPORT_FCFLAGS='-std=legacy'
ICON_HD_FCFLAGS=''
ICON_LDFLAGS=''
ICON_MATH_INTERPOLATION_FCFLAGS='-std=legacy'
ICON_MATH_SUPPORT_FCFLAGS='-std=legacy'
ICON_MTIME_CFLAGS='-O2'
ICON_MTIME_FCFLAGS='-std=legacy'
ICON_PPM_CFLAGS=''
ICON_PPM_FCFLAGS=''
ICON_RTE_RRTMGP_FCFLAGS=''
ICON_SCT_CFLAGS=''
ICON_SCT_FCFLAGS=''
ICON_TIXI_CFLAGS=''
ICON_TIXI_FCFLAGS=''
ICON_YAC_CFLAGS=''
ICON_YAC_FCFLAGS=''
ICON_YAXT_CFLAGS=''
ICON_YAXT_FCFLAGS=''
INSTALL_DATA='${INSTALL} -m 644'
INSTALL_PROGRAM='${INSTALL}'
INSTALL_SCRIPT='${INSTALL}'
JSBACH_ENABLED='#'
LDFLAGS='-L/usr/lib/x86_64-linux-gnu/ -L/home/primrose/Work/IconGrounds/icon-dace/.dacecache/radiation/build -Wl,-rpath -Wl,/usr/lib/x86_64-linux-gnu/ -Wl,-rpath -Wl,/home/primrose/Work/IconGrounds/icon-dace/.dacecache/radiation/build'
LIBOBJS=''
LIBS='-leccodes -lnetcdff -lnetcdf -lopenblas -lradiation'
LN_S='ln -s'
LTLIBOBJS=''
MKDIR_P='/usr/bin/mkdir -p'
MPI_ENABLED='#'
MPI_LAUNCH='/usr/bin//mpiexec'
MTIME_PYTHON_ENABLED='#'
OBJEXT='o'
OPENMP_ENABLED='#'
PACKAGE_BUGREPORT=''
PACKAGE_NAME='icon'
PACKAGE_STRING='icon 2024.10'
PACKAGE_TARNAME='icon-2024.10'
PACKAGE_URL=''
PACKAGE_VERSION='2024.10'
PATH_SEPARATOR=':'
PGI_INLIB_ENABLED='#'
PYTHON='python3'
RANLIB='ranlib'
SB2PP=''
SB2_ENABLED='#'
SEPARATE_MODS_DISABLED=''
SEPARATE_MODS_ENABLED='#'
SHELL='/bin/bash'
YAC_PYTHON_ENABLED='#'
ac_ct_CC='mpicc'
ac_ct_FC=''
bindir='${exec_prefix}/bin'
build='x86_64-pc-linux-gnu'
build_alias=''
build_cpu='x86_64'
build_os='linux-gnu'
build_vendor='pc'
datadir='${datarootdir}'
datarootdir='${prefix}/share'
docdir='${datarootdir}/doc/${PACKAGE_TARNAME}'
dvidir='${docdir}'
exec_prefix='${prefix}'
externals/cdi/Makefile: icon.mk
externals/cdi: $(if $(filter-out mostlyclean clean distclean,$(or $(MAKECMDGOALS),all)),externals/cdi/Makefile)
externals/ecrad/Makefile: icon.mk
externals/ecrad: $(if $(filter-out mostlyclean clean distclean,$(or $(MAKECMDGOALS),all)),externals/ecrad/Makefile)
externals/fortran-support/build/Makefile: icon.mk
externals/fortran-support/build: $(if $(filter-out mostlyclean clean distclean,$(or $(MAKECMDGOALS),all)),externals/fortran-support/build/Makefile)
externals/math-interpolation/build/Makefile: icon.mk
externals/math-interpolation/build: $(if $(filter-out mostlyclean clean distclean,$(or $(MAKECMDGOALS),all)),externals/math-interpolation/build/Makefile)
externals/math-support/build/Makefile: icon.mk
externals/math-support/build: $(if $(filter-out mostlyclean clean distclean,$(or $(MAKECMDGOALS),all)),externals/math-support/build/Makefile)
externals/mtime/Makefile: icon.mk
externals/mtime: $(if $(filter-out mostlyclean clean distclean,$(or $(MAKECMDGOALS),all)),externals/mtime/Makefile)
host='x86_64-pc-linux-gnu'
host_alias=''
host_cpu='x86_64'
host_fqdn='primrose-pc'
host_os='linux-gnu'
host_vendor='pc'
htmldir='${docdir}'
icon_bundled_builddirs='externals/ecrad externals/cdi externals/mtime externals/fortran-support/build externals/math-support/build externals/math-interpolation/build'
icon_bundled_cmake_builddirs='externals/fortran-support/build externals/math-support/build externals/math-interpolation/build'
icon_bundled_srcdirs=' externals/ecrad externals/cdi externals/mtime externals/fortran-support externals/math-support externals/math-interpolation'
includedir='${prefix}/include'
infodir='${datarootdir}/info'
libdir='${exec_prefix}/lib'
libexecdir='${exec_prefix}/libexec'
localedir='${datarootdir}/locale'
localstatedir='${prefix}/var'
mandir='${datarootdir}/man'
oldincludedir='/usr/include'
pdfdir='${docdir}'
prefix='/usr/local'
program_transform_name='s,x,x,'
psdir='${docdir}'
runstatedir='${localstatedir}/run'
sbindir='${exec_prefix}/sbin'
sharedstatedir='${prefix}/com'
sysconfdir='${prefix}/etc'
target_alias=''

## ----------- ##
## confdefs.h. ##
## ----------- ##

/* confdefs.h */
#define PACKAGE_NAME "icon"
#define PACKAGE_TARNAME "icon-2024.10"
#define PACKAGE_VERSION "2024.10"
#define PACKAGE_STRING "icon 2024.10"
#define PACKAGE_BUGREPORT ""
#define PACKAGE_URL ""
#define HAVE_STDLIB_H 1
#define HAVE_STDIO_H 1
#define HAVE_MATH_H 1
#define HAVE_TIME_H 1
#define HAVE_CTYPE_H 1
#define HAVE_STRING_H 1
#define HAVE_ASSERT_H 1
#define HAVE_STDBOOL_H 1
#define HAVE_DIRENT_H 1
#define HAVE_ERRNO_H 1
#define HAVE_FCNTL_H 1
#define HAVE_SYS_STAT_H 1
#define HAVE_SYS_TYPES_H 1
#define HAVE_UNISTD_H 1

configure: exit 0

## ---------------------- ##
## Running config.status. ##
## ---------------------- ##

This file was extended by cdi config.status 2.4.0, which was
generated by GNU Autoconf 2.69.  Invocation command line was

  CONFIG_FILES    = 
  CONFIG_HEADERS  = 
  CONFIG_LINKS    = 
  CONFIG_COMMANDS = 
  $ externals/cdi/config.status -q --file=-

on primrose-pc


## ---------------------- ##
## Running config.status. ##
## ---------------------- ##

This file was extended by cdi config.status 2.4.0, which was
generated by GNU Autoconf 2.69.  Invocation command line was

  CONFIG_FILES    = 
  CONFIG_HEADERS  = 
  CONFIG_LINKS    = 
  CONFIG_COMMANDS = 
  $ externals/cdi/config.status -q --file=-

on primrose-pc

